2026-01-22T05:51:09 | touched: hardhat.config.js
2026-01-18T22:17:18 | touched: scripts/deploy.js
2025-02-17T01:56:44 | touched: README.md
2026-01-17T01:55:11 | touched: hardhat.config.js
2026-01-16T12:04:31 | touched: LICENSE
2025-06-14T10:16:28 | touched: LICENSE
2026-01-03T15:39:31 | touched: scripts/deploy.js
2026-01-16T05:44:19 | touched: contracts/Nearprotocol.sol
2025-08-17T01:06:47 | touched: package.json
2025-11-29T16:07:15 | touched: .env.example
2025-03-18T19:44:53 | touched: LICENSE
2025-03-30T16:55:28 | touched: package.json
2025-10-16T14:35:05 | touched: contracts/Nearprotocol.sol
2025-08-20T18:30:31 | touched: README.md
2025-06-29T05:12:25 | touched: hardhat.config.js
2025-09-12T06:51:28 | touched: scripts/deploy.js
2025-04-29T18:32:07 | touched: hardhat.config.js
2025-05-21T03:28:01 | touched: contracts/Nearprotocol.sol
2025-02-12T11:24:02 | touched: package.json
2025-11-30T04:37:05 | touched: contracts/Nearprotocol.sol
2025-05-18T15:37:52 | touched: .env.example
2025-09-13T06:52:02 | touched: contracts/Nearprotocol.sol
2025-03-01T09:37:10 | touched: README.md
2025-11-23T08:42:28 | touched: hardhat.config.js
2025-12-29T15:29:42 | touched: scripts/deploy.js
2025-10-27T21:56:03 | touched: LICENSE
2025-02-05T14:13:07 | touched: .env.example
2025-04-25T15:07:07 | touched: .env.example
2025-07-20T05:30:16 | touched: README.md
2025-10-21T14:28:30 | touched: scripts/deploy.js
